app/build/outputs/mapping/release/configuration.txt
# The proguard configuration file for the following section is release\processReleaseResources\aapt_rules.txt
-keep class androidx.core.app.CoreComponentFactory { <init>(); }
-keep class androidx.profileinstaller.ProfileInstallReceiver { <init>(); }
-keep class androidx.startup.InitializationProvider { <init>(); }
-keep class com.nukie.ambientvolume.MainActivity { <init>(); }
-keep class com.nukie.ambientvolume.service.VolumeControlService { <init>(); }

# End of content from release\processReleaseResources\aapt_rules.txt
# The proguard configuration file for the following section is default_proguard_files\global\proguard-android-optimize.txt-8.9.1
# This is a configuration file for ProGuard.
# http://proguard.sourceforge.net/index.html#manual/usage.html
#
# Starting with version 2.2 of the Android plugin for Gradle, this file is distributed together with
# the plugin and unpacked at build-time. The files in $ANDROID_HOME are no longer maintained and
# will be ignored by new version of the Android plugin for Gradle.

# Optimizations: If you don't want to optimize, use the proguard-android.txt configuration file
# instead of this one, which turns off the optimization flags.
-allowaccessmodification

# Preserve some attributes that may be required for reflection.
-keepattributes AnnotationDefault,
                EnclosingMethod,
                InnerClasses,
                RuntimeVisibleAnnotations,
                RuntimeVisibleParameterAnnotations,
                RuntimeVisibleTypeAnnotations,
                Signature

-keep public class com.google.vending.licensing.ILicensingService
-keep public class com.android.vending.licensing.ILicensingService
-keep public class com.google.android.vending.licensing.ILicensingService
-dontnote com.android.vending.licensing.ILicensingService
-dontnote com.google.vending.licensing.ILicensingService
-dontnote com.google.android.vending.licensing.ILicensingService

# For native methods, see https://www.guardsquare.com/manual/configuration/examples#native
-keepclasseswithmembernames,includedescriptorclasses class * {
    native <methods>;
}

# Keep setters in Views so that animations can still work.
-keepclassmembers public class * extends android.view.View {
    void set*(***);
    *** get*();
}

# We want to keep methods in Activity that could be used in the XML attribute onClick.
-keepclassmembers class * extends android.app.Activity {
    public void *(android.view.View);
}

# For enumeration classes, see https://www.guardsquare.com/manual/configuration/examples#enumerations
-keepclassmembers enum * {
    public static **[] values();
    public static ** valueOf(java.lang.String);
}

-keepclassmembers class * implements android.os.Parcelable {
    public static final ** CREATOR;
}

# Preserve annotated Javascript interface methods.
-keepclassmembers class * {
    @android.webkit.JavascriptInterface <methods>;
}

# The support libraries contains references to newer platform versions.
# Don't warn about those in case this app is linking against an older
# platform version. We know about them, and they are safe.
-dontnote android.support.**
-dontnote androidx.**
-dontwarn android.support.**
-dontwarn androidx.**

# Understand the @Keep support annotation.
-keep class android.support.annotation.Keep

-keep @android.support.annotation.Keep class * {*;}

-keepclasseswithmembers class * {
    @android.support.annotation.Keep <methods>;
}

-keepclasseswithmembers class * {
    @android.support.annotation.Keep <fields>;
}

-keepclasseswithmembers class * {
    @android.support.annotation.Keep <init>(...);
}

# These classes are duplicated between android.jar and org.apache.http.legacy.jar.
-dontnote org.apache.http.**
-dontnote android.net.http.**

# These classes are duplicated between android.jar and core-lambda-stubs.jar.
-dontnote java.lang.invoke.**

# End of content from default_proguard_files\global\proguard-android-optimize.txt-8.9.1
# The proguard configuration file for the following section is AmbientVolumeApp\app\proguard-rules.pro
# 1. Protect the Volume Engine & Foreground Service
# This prevents R8 from renaming or removing your background logic
-keep class * extends android.app.Service
-keep class * extends android.content.BroadcastReceiver
-keepclassmembers class * extends android.app.Service {
    public <init>(...);
}
-keep class com.nukie.ambientvolume.service.** { *; }

# 2. Protect Bluetooth & Audio Management
# Critical for your Bluetooth volume adjustment logic
-keep class android.media.AudioManager { *; }
-keep class android.bluetooth.** { *; }

# 3. Protect Jetpack Compose & Material You
# Essential for your dashboard and theme toggles
-keep class androidx.compose.material3.** { *; }
-keep class androidx.compose.ui.platform.** { *; }
-keep interface androidx.compose.runtime.** { *; }
-keepattributes Signature, AnnotationDefault, EnclosingMethod, InnerClasses

# 4. Protect DataStore (Persistence)
# Ensures your 'Profiles' and 'Theme Settings' survive minification
-keep class androidx.datastore.** { *; }
-keep class kotlinx.serialization.** { *; }
-dontwarn androidx.datastore.**

# 5. Protect OEM Intents & Build Config
# Critical for the Persistence Assistant buttons (Xiaomi, Doogee, etc.)
-keep class **.BuildConfig { *; }
-dontwarn com.mediatek.duraspeed.**

# 6. Optimization Settings
# Allow the compiler to be aggressive with everything else to keep APK small
-repackageclasses ''
-allowaccessmodification
-mergeinterfacesaggressively

# General optimization rules
-optimizations !code/simplification/arithmetic,!field/*,!class/merging/*

# End of content from AmbientVolumeApp\app\proguard-rules.pro
# The proguard configuration file for the following section is transformed\navigationevent\proguard.txt
# Intentionally empty proguard rules to indicate this library is safe to shrink

# End of content from transformed\navigationevent\proguard.txt
# The proguard configuration file for the following section is transformed\navigationevent-compose\proguard.txt
# Intentionally empty proguard rules to indicate this library is safe to shrink

# End of content from transformed\navigationevent-compose\proguard.txt
# The proguard configuration file for the following section is transformed\ui-tooling-preview\proguard.txt
# Intentionally empty proguard rules to indicate this library is safe to shrink

# End of content from transformed\ui-tooling-preview\proguard.txt
# The proguard configuration file for the following section is transformed\ui-util\proguard.txt
# Copyright (C) 2020 The Android Open Source Project
#
# Licensed under the Apache License, Version 2.0 (the "License");
# you may not use this file except in compliance with the License.
# You may obtain a copy of the License at
#
#      http://www.apache.org/licenses/LICENSE-2.0
#
# Unless required by applicable law or agreed to in writing, software
# distributed under the License is distributed on an "AS IS" BASIS,
# WITHOUT WARRANTIES OR CONDITIONS OF ANY KIND, either express or implied.
# See the License for the specific language governing permissions and
# limitations under the License.

# Keep all the functions created to throw an exception. We don't want these functions to be
# inlined in any way, which R8 will do by default. The whole point of these functions is to
# reduce the amount of code generated at the call site.
-keepclassmembers,allowshrinking,allowobfuscation class androidx.compose.**.* {
    static void throw*Exception(...);
    static void throw*ExceptionForNullCheck(...);
    # For methods returning Nothing
    static java.lang.Void throw*Exception(...);
    static java.lang.Void throw*ExceptionForNullCheck(...);
}

# End of content from transformed\ui-util\proguard.txt
# The proguard configuration file for the following section is transformed\ui-unit\proguard.txt
# Copyright (C) 2020 The Android Open Source Project
#
# Licensed under the Apache License, Version 2.0 (the "License");
# you may not use this file except in compliance with the License.
# You may obtain a copy of the License at
#
#      http://www.apache.org/licenses/LICENSE-2.0
#
# Unless required by applicable law or agreed to in writing, software
# distributed under the License is distributed on an "AS IS" BASIS,
# WITHOUT WARRANTIES OR CONDITIONS OF ANY KIND, either express or implied.
# See the License for the specific language governing permissions and
# limitations under the License.

# Keep all the functions created to throw an exception. We don't want these functions to be
# inlined in any way, which R8 will do by default. The whole point of these functions is to
# reduce the amount of code generated at the call site.
-keepclassmembers,allowshrinking,allowobfuscation class androidx.compose.**.* {
    static void throw*Exception(...);
    static void throw*ExceptionForNullCheck(...);
    # For methods returning Nothing
    static java.lang.Void throw*Exception(...);
    static java.lang.Void throw*ExceptionForNullCheck(...);
}

# End of content from transformed\ui-unit\proguard.txt
# The proguard configuration file for the following section is transformed\ui-text\proguard.txt
# Copyright (C) 2020 The Android Open Source Project
#
# Licensed under the Apache License, Version 2.0 (the "License");
# you may not use this file except in compliance with the License.
# You may obtain a copy of the License at
#
#      http://www.apache.org/licenses/LICENSE-2.0
#
# Unless required by applicable law or agreed to in writing, software
# distributed under the License is distributed on an "AS IS" BASIS,
# WITHOUT WARRANTIES OR CONDITIONS OF ANY KIND, either express or implied.
# See the License for the specific language governing permissions and
# limitations under the License.

# Keep all the functions created to throw an exception. We don't want these functions to be
# inlined in any way, which R8 will do by default. The whole point of these functions is to
# reduce the amount of code generated at the call site.
-keepclassmembers,allowshrinking,allowobfuscation class androidx.compose.**.* {
    static void throw*Exception(...);
    static void throw*ExceptionForNullCheck(...);
    # For methods returning Nothing
    static java.lang.Void throw*Exception(...);
    static java.lang.Void throw*ExceptionForNullCheck(...);
}

# End of content from transformed\ui-text\proguard.txt
# The proguard configuration file for the following section is transformed\ui-graphics-release\proguard.txt
# Copyright (C) 2020 The Android Open Source Project
#
# Licensed under the Apache License, Version 2.0 (the "License");
# you may not use this file except in compliance with the License.
# You may obtain a copy of the License at
#
#      http://www.apache.org/licenses/LICENSE-2.0
#
# Unless required by applicable law or agreed to in writing, software
# distributed under the License is distributed on an "AS IS" BASIS,
# WITHOUT WARRANTIES OR CONDITIONS OF ANY KIND, either express or implied.
# See the License for the specific language governing permissions and
# limitations under the License.

# Keep all the functions created to throw an exception. We don't want these functions to be
# inlined in any way, which R8 will do by default. The whole point of these functions is to
# reduce the amount of code generated at the call site.
-keepclassmembers,allowshrinking,allowobfuscation class androidx.compose.**.* {
    static void throw*Exception(...);
    static void throw*ExceptionForNullCheck(...);
    # For methods returning Nothing
    static java.lang.Void throw*Exception(...);
    static java.lang.Void throw*ExceptionForNullCheck(...);
}
-keepclassmembers class androidx.compose.ui.graphics.layer.view.ViewLayerContainer {
    protected void dispatchGetDisplayList();
}
-keepclassmembers class androidx.compose.ui.graphics.layer.view.PlaceholderHardwareCanvas {
    public int drawRenderNode(...);
    public boolean isHardwareAccelerated();
}

# End of content from transformed\ui-graphics-release\proguard.txt
# The proguard configuration file for the following section is transformed\ui-geometry\proguard.txt
# Intentionally empty proguard rules to indicate this library is safe to shrink

# End of content from transformed\ui-geometry\proguard.txt
# The proguard configuration file for the following section is transformed\ui-release\proguard.txt
# Copyright (C) 2020 The Android Open Source Project
#
# Licensed under the Apache License, Version 2.0 (the "License");
# you may not use this file except in compliance with the License.
# You may obtain a copy of the License at
#
#      http://www.apache.org/licenses/LICENSE-2.0
#
# Unless required by applicable law or agreed to in writing, software
# distributed under the License is distributed on an "AS IS" BASIS,
# WITHOUT WARRANTIES OR CONDITIONS OF ANY KIND, either express or implied.
# See the License for the specific language governing permissions and
# limitations under the License.

# We supply these as stubs and are able to link to them at runtime
# because they are hidden public classes in Android. We don't want
# R8 to complain about them not being there during optimization.
-dontwarn android.view.RenderNode
-dontwarn android.view.DisplayListCanvas
-dontwarn android.view.HardwareCanvas

-keepclassmembers class androidx.compose.ui.platform.ViewLayerContainer {
    protected void dispatchGetDisplayList();
}

-keepclassmembers class androidx.compose.ui.platform.AndroidComposeView {
    android.view.View findViewByAccessibilityIdTraversal(int);
}

# Users can create Modifier.Node instances that implement multiple Modifier.Node interfaces,
# so we cannot tell whether two modifier.node instances are of the same type without using
# reflection to determine the class type. See b/265188224 for more context.
-keep,allowshrinking class * extends androidx.compose.ui.node.ModifierNodeElement

# Keep all the functions created to throw an exception. We don't want these functions to be
# inlined in any way, which R8 will do by default. The whole point of these functions is to
# reduce the amount of code generated at the call site.
-keepclassmembers,allowshrinking,allowobfuscation class androidx.compose.**.* {
    static void throw*Exception(...);
    static void throw*ExceptionForNullCheck(...);
    # For methods returning Nothing
    static java.lang.Void throw*Exception(...);
    static java.lang.Void throw*ExceptionForNullCheck(...);
    # For functions generating error messages
    static java.lang.String exceptionMessage*(...);
    java.lang.String exceptionMessage*(...);
}

# When pointer input modifier nodes are added dynamically and have the same keys (common when
# developers `Unit` for their keys), we need a way to differentiate them and using a
# functional interface and comparing classes allows us to do that.
-keepnames class androidx.compose.ui.input.pointer.PointerInputEventHandler {
    *;
}


# End of content from transformed\ui-release\proguard.txt
# The proguard configuration file for the following section is transformed\activity-ktx-1.13.0\proguard.txt
# Intentionally empty proguard rules to indicate this library is safe to shrink

# End of content from transformed\activity-ktx-1.13.0\proguard.txt
# The proguard configuration file for the following section is transformed\activity-1.13.0\proguard.txt
# Intentionally empty proguard rules to indicate this library is safe to shrink

# End of content from transformed\activity-1.13.0\proguard.txt
# The proguard configuration file for the following section is transformed\activity-compose-1.13.0\proguard.txt
# Intentionally empty proguard rules to indicate this library is safe to shrink

# End of content from transformed\activity-compose-1.13.0\proguard.txt
# The proguard configuration file for the following section is transformed\graphics-path-1.0.1\proguard.txt
-keepclasseswithmembers class androidx.graphics.path.** {
    native <methods>;
}

# End of content from transformed\graphics-path-1.0.1\proguard.txt
# The proguard configuration file for the following section is transformed\core-1.18.0\proguard.txt
# Never inline methods, but allow shrinking and obfuscation.
-keepclassmembernames,allowobfuscation,allowshrinking class androidx.core.view.ViewCompat$Api* {
  <methods>;
}
-keepclassmembernames,allowobfuscation,allowshrinking class androidx.core.view.WindowInsetsCompat$*Impl* {
  <methods>;
}
-keepclassmembernames,allowobfuscation,allowshrinking class androidx.core.app.NotificationCompat$*$Api*Impl {
  <methods>;
}
-keepclassmembernames,allowobfuscation,allowshrinking class androidx.core.os.UserHandleCompat$Api*Impl {
  <methods>;
}
-keepclassmembernames,allowobfuscation,allowshrinking class androidx.core.widget.EdgeEffectCompat$Api*Impl {
  <methods>;
}

# End of content from transformed\core-1.18.0\proguard.txt
# The proguard configuration file for the following section is transformed\lifecycle-process-2.10.0\proguard.txt
# this rule is need to work properly when app is compiled with api 28, see b/142778206
-keepclassmembers class * extends androidx.lifecycle.EmptyActivityLifecycleCallbacks { *; }
# End of content from transformed\lifecycle-process-2.10.0\proguard.txt
# The proguard configuration file for the following section is transformed\lifecycle-viewmodel-ktx-2.10.0\proguard.txt
# Intentionally empty proguard rules to indicate this library is safe to shrink

# End of content from transformed\lifecycle-viewmodel-ktx-2.10.0\proguard.txt
# The proguard configuration file for the following section is transformed\lifecycle-livedata-core-2.10.0\proguard.txt
# Intentionally empty proguard rules to indicate this library is safe to shrink

# End of content from transformed\lifecycle-livedata-core-2.10.0\proguard.txt
# The proguard configuration file for the following section is transformed\lifecycle-viewmodel\proguard.txt
-keepclassmembers,allowobfuscation class * extends androidx.lifecycle.ViewModel {
    <init>();
}

-keepclassmembers,allowobfuscation class * extends androidx.lifecycle.AndroidViewModel {
    <init>(android.app.Application);
}

# End of content from transformed\lifecycle-viewmodel\proguard.txt
# The proguard configuration file for the following section is transformed\runtime-annotation\proguard.txt
# Intentionally empty proguard rules to indicate this library is safe to shrink

# End of content from transformed\runtime-annotation\proguard.txt
# The proguard configuration file for the following section is transformed\savedstate-ktx-1.4.0\proguard.txt
# Intentionally empty proguard rules to indicate this library is safe to shrink

# End of content from transformed\savedstate-ktx-1.4.0\proguard.txt
# The proguard configuration file for the following section is transformed\savedstate\proguard.txt
# Copyright (C) 2019 The Android Open Source Project
#
# Licensed under the Apache License, Version 2.0 (the "License");
# you may not use this file except in compliance with the License.
# You may obtain a copy of the License at
#
#      http://www.apache.org/licenses/LICENSE-2.0
#
# Unless required by applicable law or agreed to in writing, software
# distributed under the License is distributed on an "AS IS" BASIS,
# WITHOUT WARRANTIES OR CONDITIONS OF ANY KIND, either express or implied.
# See the License for the specific language governing permissions and
# limitations under the License.

-keepclassmembers,allowobfuscation class * implements androidx.savedstate.SavedStateRegistry$AutoRecreated {
    <init>();
}

# End of content from transformed\savedstate\proguard.txt
# The proguard configuration file for the following section is transformed\savedstate-compose\proguard.txt
# Workaround for https://issuetracker.google.com/issues/346808608
#
# `androidx.savedstate.compose.LocalSavedStateRegistryOwner` will reflectively lookup for
# `androidx.compose.ui.platform.LocalSavedStateRegistryOwner` to ensure backward compatibility
# when using SavedState >= 1.3 with Compose <= 1.7.
#
# We need to keep the getter if the code using this is included.
#