app/build/outputs/mapping/release/seeds.txt
com.nukie.ambientvolume.service.ProfileManager$setCustomOffset$2
com.nukie.ambientvolume.service.ProfileManager$getActiveProfile$$inlined$map$1$2$1
com.nukie.ambientvolume.service.ProfileManager$setStepSize$2
com.nukie.ambientvolume.service.ProfileManager$getActiveProfile$1
com.nukie.ambientvolume.service.OEMManager
com.nukie.ambientvolume.service.VolumeProfile
com.nukie.ambientvolume.service.ProfileManager$setCustomOffset$1
com.nukie.ambientvolume.service.ProfileManager$getStepSize$$inlined$map$1$2$1
com.nukie.ambientvolume.service.ProfileManager$getCustomOffset$$inlined$map$1$2$1
com.nukie.ambientvolume.service.VolumeControlService$startListening$1$1$1
com.nukie.ambientvolume.service.ProfileManager$setVibrateEnabled$2
com.nukie.ambientvolume.service.ProfileManager$getCurrentOffsetDb$1
com.nukie.ambientvolume.service.MovingAverage
com.nukie.ambientvolume.service.ProfileManager$setStepSize$1
com.nukie.ambientvolume.service.ProfileManager$setMeanInterval$1
com.nukie.ambientvolume.service.AudioStateRepository$VolumeDecisionRequest
com.nukie.ambientvolume.MainActivity
com.nukie.ambientvolume.service.ProfileManager$getVibrateEnabled$$inlined$map$1
com.nukie.ambientvolume.service.VolumeControlService$adjustVolumeBasedOnDb$1
com.nukie.ambientvolume.service.ProfileManager$getActiveProfile$$inlined$map$1$2
com.nukie.ambientvolume.service.ProfileManager$setMeanInterval$2
com.nukie.ambientvolume.service.ProfileManager$getCustomOffset$$inlined$map$1
com.nukie.ambientvolume.service.ProfileManager
com.nukie.ambientvolume.service.VolumeControlService$startListening$1
com.nukie.ambientvolume.service.ProfileManager$getMeanInterval$$inlined$map$1
com.nukie.ambientvolume.service.ProfileManager$getVibrateEnabled$$inlined$map$1$2
com.nukie.ambientvolume.service.ProfileManager$getStepSize$$inlined$map$1$2
com.nukie.ambientvolume.service.ProfileManager$getMeanInterval$$inlined$map$1$2$1
com.nukie.ambientvolume.service.AudioStateRepository
com.nukie.ambientvolume.service.ProfileManager$getCustomOffset$$inlined$map$1$2
com.nukie.ambientvolume.service.ProfileManager$setActiveProfile$2
com.nukie.ambientvolume.service.VolumeControlService$startListening$1$1
com.nukie.ambientvolume.BuildConfig
com.nukie.ambientvolume.service.ProfileManagerKt
com.nukie.ambientvolume.service.ProfileManager$getActiveProfile$$inlined$map$1
com.nukie.ambientvolume.service.ProfileManager$getMeanInterval$$inlined$map$1$2
com.nukie.ambientvolume.service.ProfileManager$getStepSize$$inlined$map$1
com.nukie.ambientvolume.service.ProfileManager$init$1
com.nukie.ambientvolume.service.VolumeControlService
com.nukie.ambientvolume.service.OEMType
com.nukie.ambientvolume.service.ProfileManager$getVibrateEnabled$$inlined$map$1$2$1
com.nukie.ambientvolume.service.ProfileManager$setActiveProfile$1
com.nukie.ambientvolume.service.ProfileManager$setVibrateEnabled$1
com.nukie.ambientvolume.service.VolumeControlService: android.media.AudioManager$OnAudioFocusChangeListener audioFocusChangeListener
com.nukie.ambientvolume.service.VolumeProfile: java.lang.String displayName
com.nukie.ambientvolume.service.AudioStateRepository$VolumeDecisionRequest: double currentDb
com.nukie.ambientvolume.service.ProfileManager$getMeanInterval$$inlined$map$1$2$1: com.nukie.ambientvolume.service.ProfileManager$getMeanInterval$$inlined$map$1$2 this$0
com.nukie.ambientvolume.service.ProfileManager$setMeanInterval$1: java.lang.Object result
com.nukie.ambientvolume.service.ProfileManagerKt: kotlin.properties.ReadOnlyProperty dataStore$delegate
com.nukie.ambientvolume.service.ProfileManager$setCustomOffset$1: com.nukie.ambientvolume.service.ProfileManager this$0
com.nukie.ambientvolume.service.MovingAverage: int $stable
com.nukie.ambientvolume.service.ProfileManager$setMeanInterval$2: java.lang.Object L$0
com.nukie.ambientvolume.service.MovingAverage: int currentWindowSize
com.nukie.ambientvolume.service.AudioStateRepository: kotlinx.coroutines.flow.MutableStateFlow _isServiceRunning
...
androidx.compose.material3.RangeSliderState$gestureEndAction$1: RangeSliderState$gestureEndAction$1(androidx.compose.material3.RangeSliderState)
androidx.compose.material3.TextFieldDefaults: androidx.compose.material3.TextFieldColors colors-0hiis_0(long,long,long,long,long,long,long,long,long,long,androidx.compose.foundation.text.selection.TextSelectionColors,long,long,long,long,long,long,long,long,long,long,long,long,long,long,long,long,long,long,long,long,long,long,long,long,long,long,long,long,long,long,long,long,androidx.compose.runtime.Composer,int,int,int,int,int,int,int)
androidx.compose.material3.ListItemKt: int access$calculateHeight-N4Jib3Y(androidx.compose.ui.layout.MeasureScope,androidx.compose.ui.layout.Placeable,androidx.compose.ui.layout.Placeable,androidx.compose.ui.layout.Placeable,androidx.compose.ui.layout.Placeable,androidx.compose.ui.layout.Placeable,int,androidx.compose.foundation.layout.PaddingValues,long)
kotlinx.serialization.internal.UIntArraySerializer: void writeContent-CPlH8fI(kotlinx.serialization.encoding.CompositeEncoder,int[],int)
kotlinx.serialization.encoding.CompositeEncoder: void endStructure(kotlinx.serialization.descriptors.SerialDescriptor)
androidx.compose.material3.CardColors: CardColors(long,long,long,long)
androidx.compose.material3.ChipKt$InputChip$2: ChipKt$InputChip$2(float,androidx.compose.ui.graphics.Shape,kotlin.jvm.functions.Function2)
kotlinx.serialization.internal.CollectionSerializer: java.util.Iterator collectionIterator(java.util.Collection)
androidx.datastore.preferences.protobuf.ValueOrBuilder: java.lang.String getStringValue()
androidx.datastore.preferences.protobuf.Enum$Builder: androidx.datastore.preferences.protobuf.Enum$Builder addAllOptions(java.lang.Iterable)
androidx.compose.material3.SliderDefaults$Thumb$1$1$1: java.lang.Object emit(androidx.compose.foundation.interaction.Interaction,kotlin.coroutines.Continuation)
androidx.compose.material3.TooltipKt$TooltipBox$scope$1$1$drawCaret$1: TooltipKt$TooltipBox$scope$1$1$drawCaret$1(kotlin.jvm.functions.Function2,androidx.compose.runtime.MutableState)
androidx.datastore.preferences.protobuf.ByteString: androidx.datastore.preferences.protobuf.ByteString readFrom(java.io.InputStream,int)
androidx.datastore.preferences.protobuf.GeneratedMessageLite$ExtensionDescriptor: androidx.datastore.preferences.protobuf.MessageLite$Builder internalMergeFrom(androidx.datastore.preferences.protobuf.MessageLite$Builder,androidx.datastore.preferences.protobuf.MessageLite)
androidx.compose.material3.tokens.SwitchTokens: float getUnselectedHandleHeight-D9Ej5fM()
androidx.compose.material3.DrawerState$animateTo$3: DrawerState$animateTo$3(androidx.compose.material3.DrawerState,float,androidx.compose.animation.core.AnimationSpec,kotlin.coroutines.Continuation)
androidx.datastore.preferences.protobuf.Value: androidx.datastore.preferences.protobuf.Value parseFrom(androidx.datastore.preferences.protobuf.ByteString,androidx.datastore.preferences.protobuf.ExtensionRegistryLite)
androidx.datastore.preferences.protobuf.SmallSortedMap: java.util.SortedMap getOverflowEntriesMutable()
kotlinx.serialization.encoding.CompositeDecoder: int decodeIntElement(kotlinx.serialization.descriptors.SerialDescriptor,int)
androidx.compose.material3.OutlinedTextFieldKt: int access$substractConstraintSafely(int,int)
kotlin.coroutines.jvm.internal.ContinuationImpl: void releaseIntercepted()
androidx.datastore.preferences.protobuf.MixinOrBuilder: java.lang.String getRoot()
androidx.datastore.preferences.protobuf.SchemaUtil: void writeUInt32List(int,java.util.List,androidx.datastore.preferences.protobuf.Writer,boolean)
androidx.datastore.preferences.protobuf.ArrayDecoders: int decodeBytesList(int,byte[],int,int,androidx.datastore.preferences.protobuf.Internal$ProtobufList,androidx.datastore.preferences.protobuf.ArrayDecoders$Registers)
androidx.datastore.preferences.protobuf.ByteString: void copyTo(byte[],int)