app/build/outputs/mapping/release/usage.txt
com.nukie.ambientvolume.MainActivity:
    public static final int $stable
com.nukie.ambientvolume.R$drawable:
    public static int ic_launcher_background
    public static int ic_launcher_foreground
    public static int ic_launcher_monochrome
    private void <init>()
com.nukie.ambientvolume.R$mipmap
com.nukie.ambientvolume.R$string:
    public static int app_description
    public static int core_permissions_required
    public static int interaction_title
    public static int privacy_note
    public static int service_title
    public static int vibrate_subtitle_off
    public static int vibrate_subtitle_on
    private void <init>()
com.nukie.ambientvolume.R
com.nukie.ambientvolume.ScreenTab:
    public final java.lang.String getRoute()
com.nukie.ambientvolume.ui.theme.ColorKt:
    public static final long getIndigoAccent()
com.nukie.ambientvolume.ComposableSingletons$MainActivityKt$lambda-1$1$1$1$1:
    public final void invoke(androidx.compose.runtime.Composer,int)
com.nukie.ambientvolume.ComposableSingletons$MainActivityKt$lambda-1$1$1$1:
    public final void invoke(androidx.compose.runtime.Composer,int)
com.nukie.ambientvolume.ComposableSingletons$MainActivityKt$lambda-1$1$1:
    public final void invoke(androidx.compose.runtime.Composer,int)
com.nukie.ambientvolume.ComposableSingletons$MainActivityKt$lambda-1$1:
    public final void invoke(androidx.compose.runtime.Composer,int)
    public static final boolean invoke$lambda$1(androidx.compose.runtime.MutableState)
com.nukie.ambientvolume.ComposableSingletons$MainActivityKt$lambda-10$1:
    public final void invoke(androidx.compose.runtime.Composer,int)
com.nukie.ambientvolume.ComposableSingletons$MainActivityKt$lambda-11$1:
    public final void invoke(androidx.compose.foundation.layout.ColumnScope,androidx.compose.runtime.Composer,int)
com.nukie.ambientvolume.ComposableSingletons$MainActivityKt$lambda-12$1:
    public final void invoke(androidx.compose.foundation.layout.RowScope,androidx.compose.runtime.Composer,int)
com.nukie.ambientvolume.ComposableSingletons$MainActivityKt$lambda-2$1:
    public final void invoke(androidx.compose.foundation.layout.RowScope,androidx.compose.runtime.Composer,int)
com.nukie.ambientvolume.ComposableSingletons$MainActivityKt$lambda-3$1:
    public final void invoke(androidx.compose.runtime.Composer,int)
com.nukie.ambientvolume.ComposableSingletons$MainActivityKt$lambda-4$1:
    public final void invoke(androidx.compose.foundation.layout.RowScope,androidx.compose.runtime.Composer,int)
com.nukie.ambientvolume.ComposableSingletons$MainActivityKt$lambda-5$1:
    public final void invoke(androidx.compose.runtime.Composer,int)
com.nukie.ambientvolume.ComposableSingletons$MainActivityKt$lambda-6$1:
    public final void invoke(androidx.compose.foundation.layout.RowScope,androidx.compose.runtime.Composer,int)
com.nukie.ambientvolume.ComposableSingletons$MainActivityKt$lambda-7$1:
    public final void invoke(androidx.compose.runtime.Composer,int)
com.nukie.ambientvolume.ComposableSingletons$MainActivityKt$lambda-8$1:
    public final void invoke(androidx.compose.runtime.Composer,int)
com.nukie.ambientvolume.ComposableSingletons$MainActivityKt$lambda-9$1:
    public final void invoke(androidx.compose.foundation.layout.RowScope,androidx.compose.runtime.Composer,int)
...
androidx.compose.material.icons.filled.CropPortraitKt
androidx.compose.material.icons.filled.CropRotateKt
androidx.compose.material.icons.filled.CropSquareKt
androidx.compose.material.icons.filled.CrueltyFreeKt
androidx.compose.material.icons.filled.CssKt
androidx.compose.material.icons.filled.CurrencyBitcoinKt
androidx.compose.material.icons.filled.CurrencyExchangeKt
androidx.compose.material.icons.filled.CurrencyFrancKt
androidx.compose.material.icons.filled.CurrencyLiraKt
androidx.compose.material.icons.filled.CurrencyPoundKt
androidx.compose.material.icons.filled.CurrencyRubleKt
androidx.compose.material.icons.filled.CurrencyRupeeKt
androidx.compose.material.icons.filled.CurrencyYenKt
androidx.compose.material.icons.filled.CurrencyYuanKt
androidx.compose.material.icons.filled.CurtainsClosedKt
androidx.compose.material.icons.filled.CurtainsKt
androidx.compose.material.icons.filled.CycloneKt
androidx.compose.material.icons.filled.DangerousKt
androidx.compose.material.icons.filled.DarkModeKt
androidx.compose.material.icons.filled.DashboardCustomizeKt
androidx.compose.material.icons.filled.DashboardKt
androidx.compose.material.icons.filled.DataArrayKt
androidx.compose.material.icons.filled.DataExplorationKt
androidx.compose.material.icons.filled.DataObjectKt
androidx.compose.material.icons.filled.DataSaverOffKt
androidx.compose.material.icons.filled.DataSaverOnKt
androidx.compose.material.icons.filled.DataThresholdingKt
androidx.compose.material.icons.filled.DataUsageKt
androidx.compose.material.icons.filled.DatasetKt
androidx.compose.material.icons.filled.DatasetLinkedKt
androidx.compose.material.icons.filled.DeblurKt
androidx.compose.material.icons.filled.DeckKt
androidx.compose.material.icons.filled.DehazeKt
androidx.compose.material.icons.filled.DeleteForeverKt
androidx.compose.material.icons.filled.DeleteKt
androidx.compose.material.icons.filled.DeleteOutlineKt
androidx.compose.material.icons.filled.DeleteSweepKt
androidx.compose.material.icons.filled.DeliveryDiningKt
androidx.compose.material.icons.filled.DensityLargeKt
androidx.compose.material.icons.filled.DensityMediumKt
androidx.compose.material.icons.filled.DensitySmallKt
androidx.compose.material.icons.filled.DepartureBoardKt
androidx.compose.material.icons.filled.DescriptionKt
androidx.compose.material.icons.filled.DeselectKt
androidx.compose.material.icons.filled.DesignServicesKt
androidx.compose.material.icons.filled.DeskKt
androidx.compose.material.icons.filled.DesktopAccessDisabledKt
androidx.compose.material.icons.filled.DesktopMacKt
androidx.compose.material.icons.filled.DesktopWindowsKt
androidx.compose.material.icons.filled.DetailsKt
androidx.compose.material.icons.filled.DeveloperBoardKt
androidx.compose.material.icons.filled.DeveloperBoardOffKt
androidx.compose.material.icons.filled.DeveloperModeKt
androidx.compose.material.icons.filled.DeviceHubKt
androidx.compose.material.icons.filled.DeviceThermostatKt
androidx.compose.material.icons.filled.DeviceUnknownKt
androidx.compose.material.icons.filled.DevicesFoldKt
androidx.compose.material.icons.filled.DevicesKt
androidx.compose.material.icons.filled.DevicesOtherKt
androidx.compose.material.icons.filled.DialerSipKt
androidx.compose.material.icons.filled.DialpadKt
androidx.compose.material.icons.filled.DiamondKt
androidx.compose.material.icons.filled.DifferenceKt
androidx.compose.material.icons.filled.DiningKt
androidx.compose.material.icons.filled.DinnerDiningKt
androidx.compose.material.icons.filled.DirectionsBikeKt
androidx.compose.material.icons.filled.DirectionsBoatFilledKt
androidx.compose.material.icons.filled.DirectionsBoatKt
androidx.compose.material.icons.filled.DirectionsBusFilledKt
androidx.compose.material.icons.filled.DirectionsBusKt
androidx.compose.material.icons.filled.DirectionsCarFilledKt
androidx.compose.material.icons.filled.DirectionsCarKt
androidx.compose.material.icons.filled.DirectionsKt
androidx.compose.material.icons.filled.DirectionsOffKt